C:\USERS\STUDENT\LABPWP\BUILD\CMAKEFILES\GENERATE.STAMP
C:\Users\student\labPWP\build\Debug\Laborka.pdb
C:\Users\student\labPWP\build\Laborka.dir\Debug\cl.command.1.tlog
C:\Users\student\labPWP\build\Laborka.dir\Debug\CL.read.1.tlog
C:\Users\student\labPWP\build\Laborka.dir\Debug\CL.write.1.tlog
C:\Users\student\labPWP\build\Laborka.dir\Debug\custombuild.command.1.tlog
C:\Users\student\labPWP\build\Laborka.dir\Debug\custombuild.read.1.tlog
C:\Users\student\labPWP\build\Laborka.dir\Debug\custombuild.write.1.tlog
C:\USERS\STUDENT\LABPWP\BUILD\LABORKA.DIR\DEBUG\LABORKA.EXE.EMBED.MANIFEST
C:\USERS\STUDENT\LABPWP\BUILD\LABORKA.DIR\DEBUG\LABORKA.EXE.EMBED.MANIFEST.RES
C:\Users\student\labPWP\build\Laborka.dir\Debug\Laborka.exe.intermediate.manifest
C:\Users\student\labPWP\build\Laborka.dir\Debug\Laborka.write.1.tlog
C:\Users\student\labPWP\build\Laborka.dir\Debug\Laborka_manifest.rc
C:\Users\student\labPWP\build\Laborka.dir\Debug\link.1316.read.1.tlog
C:\Users\student\labPWP\build\Laborka.dir\Debug\link.1316.write.1.tlog
C:\Users\student\labPWP\build\Laborka.dir\Debug\link.1316-cvtres.read.1.tlog
C:\Users\student\labPWP\build\Laborka.dir\Debug\link.1316-cvtres.write.1.tlog
C:\Users\student\labPWP\build\Laborka.dir\Debug\link.2220.read.1.tlog
C:\Users\student\labPWP\build\Laborka.dir\Debug\link.2220.write.1.tlog
C:\Users\student\labPWP\build\Laborka.dir\Debug\link.2220-cvtres.read.1.tlog
C:\Users\student\labPWP\build\Laborka.dir\Debug\link.2220-cvtres.write.1.tlog
C:\Users\student\labPWP\build\Laborka.dir\Debug\link.command.1.tlog
C:\Users\student\labPWP\build\Laborka.dir\Debug\link.read.1.tlog
C:\Users\student\labPWP\build\Laborka.dir\Debug\link.write.1.tlog
C:\Users\student\labPWP\build\Laborka.dir\Debug\link-cvtres.read.1.tlog
C:\Users\student\labPWP\build\Laborka.dir\Debug\link-cvtres.write.1.tlog
C:\USERS\STUDENT\LABPWP\BUILD\LABORKA.DIR\DEBUG\MAIN.OBJ
C:\Users\student\labPWP\build\Laborka.dir\Debug\mt.command.1.tlog
C:\Users\student\labPWP\build\Laborka.dir\Debug\mt.read.1.tlog
C:\Users\student\labPWP\build\Laborka.dir\Debug\mt.write.1.tlog
C:\Users\student\labPWP\build\Laborka.dir\Debug\rc.command.1.tlog
C:\Users\student\labPWP\build\Laborka.dir\Debug\rc.read.1.tlog
C:\Users\student\labPWP\build\Laborka.dir\Debug\rc.write.1.tlog
C:\USERS\STUDENT\LABPWP\BUILD\LABORKA.DIR\DEBUG\VC100.PDB
