C:\USERS\STUDENT\LABPWP\BUILD\TRYGONOMETRIA\CMAKEFILES\GENERATE.STAMP
C:\USERS\STUDENT\LABPWP\BUILD\TRYGONOMETRIA\DEBUG\TRYGONOMETRIA.DLL
C:\USERS\STUDENT\LABPWP\BUILD\TRYGONOMETRIA\DEBUG\TRYGONOMETRIA.ILK
C:\USERS\STUDENT\LABPWP\BUILD\TRYGONOMETRIA\DEBUG\TRYGONOMETRIA.PDB
C:\Users\student\labPWP\build\Trygonometria\Trygonometria.dir\Debug\cl.command.1.tlog
C:\Users\student\labPWP\build\Trygonometria\Trygonometria.dir\Debug\CL.read.1.tlog
C:\Users\student\labPWP\build\Trygonometria\Trygonometria.dir\Debug\CL.write.1.tlog
C:\Users\student\labPWP\build\Trygonometria\Trygonometria.dir\Debug\custombuild.command.1.tlog
C:\Users\student\labPWP\build\Trygonometria\Trygonometria.dir\Debug\custombuild.read.1.tlog
C:\Users\student\labPWP\build\Trygonometria\Trygonometria.dir\Debug\custombuild.write.1.tlog
C:\Users\student\labPWP\build\Trygonometria\Trygonometria.dir\Debug\link.3908.read.1.tlog
C:\Users\student\labPWP\build\Trygonometria\Trygonometria.dir\Debug\link.3908.write.1.tlog
C:\Users\student\labPWP\build\Trygonometria\Trygonometria.dir\Debug\link.3908-cvtres.read.1.tlog
C:\Users\student\labPWP\build\Trygonometria\Trygonometria.dir\Debug\link.3908-cvtres.write.1.tlog
C:\Users\student\labPWP\build\Trygonometria\Trygonometria.dir\Debug\link.command.1.tlog
C:\Users\student\labPWP\build\Trygonometria\Trygonometria.dir\Debug\link.read.1.tlog
C:\Users\student\labPWP\build\Trygonometria\Trygonometria.dir\Debug\link.write.1.tlog
C:\Users\student\labPWP\build\Trygonometria\Trygonometria.dir\Debug\link-cvtres.read.1.tlog
C:\Users\student\labPWP\build\Trygonometria\Trygonometria.dir\Debug\link-cvtres.write.1.tlog
C:\Users\student\labPWP\build\Trygonometria\Trygonometria.dir\Debug\mt.command.1.tlog
C:\Users\student\labPWP\build\Trygonometria\Trygonometria.dir\Debug\mt.read.1.tlog
C:\Users\student\labPWP\build\Trygonometria\Trygonometria.dir\Debug\mt.write.1.tlog
C:\Users\student\labPWP\build\Trygonometria\Trygonometria.dir\Debug\rc.command.1.tlog
C:\Users\student\labPWP\build\Trygonometria\Trygonometria.dir\Debug\rc.read.1.tlog
C:\Users\student\labPWP\build\Trygonometria\Trygonometria.dir\Debug\rc.write.1.tlog
C:\USERS\STUDENT\LABPWP\BUILD\TRYGONOMETRIA\TRYGONOMETRIA.DIR\DEBUG\TRYGONOMETRIA.DLL.EMBED.MANIFEST
C:\USERS\STUDENT\LABPWP\BUILD\TRYGONOMETRIA\TRYGONOMETRIA.DIR\DEBUG\TRYGONOMETRIA.DLL.EMBED.MANIFEST.RES
C:\USERS\STUDENT\LABPWP\BUILD\TRYGONOMETRIA\TRYGONOMETRIA.DIR\DEBUG\TRYGONOMETRIA.DLL.INTERMEDIATE.MANIFEST
C:\USERS\STUDENT\LABPWP\BUILD\TRYGONOMETRIA\TRYGONOMETRIA.DIR\DEBUG\TRYGONOMETRIA.OBJ
C:\Users\student\labPWP\build\Trygonometria\Trygonometria.dir\Debug\Trygonometria.write.1.tlog
C:\Users\student\labPWP\build\Trygonometria\Trygonometria.dir\Debug\Trygonometria_manifest.rc
C:\USERS\STUDENT\LABPWP\BUILD\TRYGONOMETRIA\TRYGONOMETRIA.DIR\DEBUG\VC100.PDB
