Build started 2017-03-10 14:13:35.
     1>Project "C:\Users\student\labPWP\build\Trygonometria\Trygonometria.vcxproj" on node 2 (rebuild target(s)).
     1>_PrepareForClean:
         Deleting file "Trygonometria.dir\Debug\Trygonometria.lastbuildstate".
       InitializeBuildStatus:
         Creating "Trygonometria.dir\Debug\Trygonometria.unsuccessfulbuild" because "AlwaysCreate" was specified.
       CustomBuild:
         Building Custom Rule C:/Users/student/labPWP/src/Trygonometria/CMakeLists.txt
         CMake does not need to re-run because C:\Users\student\labPWP\build\Trygonometria\CMakeFiles\generate.stamp is up-to-date.
       ClCompile:
         c:\Program Files\Microsoft Visual Studio 10.0\VC\bin\CL.exe /c /IC:\Users\student\labPWP\src\Trygonometria /IC:\Users\student\labPWP\build\Trygonometria /Zi /nologo /W3 /WX- /Od /Ob0 /Oy- /D WIN32 /D _WINDOWS /D _DEBUG /D "CMAKE_INTDIR=\"Debug\"" /D Trygonometria_EXPORTS /D _WINDLL /D _MBCS /Gm- /EHsc /RTC1 /MDd /GS /fp:precise /Zc:wchar_t /Zc:forScope /GR /Fo"Trygonometria.dir\Debug\\" /Fd"Trygonometria.dir\Debug\vc100.pdb" /Gd /TP /analyze- /errorReport:prompt ..\..\src\Trygonometria\trygonometria.cpp
         trygonometria.cpp
       ManifestResourceCompile:
         C:\Program Files\Microsoft SDKs\Windows\v7.0A\bin\rc.exe /nologo /fo"Trygonometria.dir\Debug\Trygonometria.dll.embed.manifest.res" Trygonometria.dir\Debug\Trygonometria_manifest.rc 
       Link:
         c:\Program Files\Microsoft Visual Studio 10.0\VC\bin\link.exe /ERRORREPORT:PROMPT /OUT:"C:\Users\student\labPWP\build\Trygonometria\Debug\Trygonometria.dll" /INCREMENTAL /NOLOGO kernel32.lib user32.lib gdi32.lib winspool.lib shell32.lib ole32.lib oleaut32.lib uuid.lib comdlg32.lib advapi32.lib /MANIFEST /ManifestFile:"Trygonometria.dir\Debug\Trygonometria.dll.intermediate.manifest" /MANIFESTUAC:"level='asInvoker' uiAccess='false'" /DEBUG /PDB:"C:/Users/student/labPWP/build/Trygonometria/Debug/Trygonometria.pdb" /SUBSYSTEM:CONSOLE /TLBID:1 /DYNAMICBASE /NXCOMPAT /IMPLIB:"C:/Users/student/labPWP/build/Trygonometria/Debug/Trygonometria.lib" /MACHINE:X86 /DLL Trygonometria.dir\Debug\Trygonometria.dll.embed.manifest.res
         Trygonometria.dir\Debug\trygonometria.obj  /machine:X86 /debug 
       Manifest:
         Deleting file "Trygonometria.dir\Debug\Trygonometria.dll.embed.manifest".
         C:\Program Files\Microsoft SDKs\Windows\v7.0A\bin\mt.exe /nologo /verbose /out:"Trygonometria.dir\Debug\Trygonometria.dll.embed.manifest" /manifest Trygonometria.dir\Debug\Trygonometria.dll.intermediate.manifest
         C:\Program Files\Microsoft SDKs\Windows\v7.0A\bin\rc.exe /nologo /fo"Trygonometria.dir\Debug\Trygonometria.dll.embed.manifest.res" Trygonometria.dir\Debug\Trygonometria_manifest.rc 
       LinkEmbedManifest:
         c:\Program Files\Microsoft Visual Studio 10.0\VC\bin\link.exe /ERRORREPORT:PROMPT /OUT:"C:\Users\student\labPWP\build\Trygonometria\Debug\Trygonometria.dll" /INCREMENTAL /NOLOGO kernel32.lib user32.lib gdi32.lib winspool.lib shell32.lib ole32.lib oleaut32.lib uuid.lib comdlg32.lib advapi32.lib /MANIFEST /ManifestFile:"Trygonometria.dir\Debug\Trygonometria.dll.intermediate.manifest" /MANIFESTUAC:"level='asInvoker' uiAccess='false'" /DEBUG /PDB:"C:/Users/student/labPWP/build/Trygonometria/Debug/Trygonometria.pdb" /SUBSYSTEM:CONSOLE /TLBID:1 /DYNAMICBASE /NXCOMPAT /IMPLIB:"C:/Users/student/labPWP/build/Trygonometria/Debug/Trygonometria.lib" /MACHINE:X86 /DLL Trygonometria.dir\Debug\Trygonometria.dll.embed.manifest.res
         Trygonometria.dir\Debug\trygonometria.obj  /machine:X86 /debug 
         Trygonometria.vcxproj -> C:\Users\student\labPWP\build\Trygonometria\Debug\Trygonometria.dll
       FinalizeBuildStatus:
         Deleting file "Trygonometria.dir\Debug\Trygonometria.unsuccessfulbuild".
         Touching "Trygonometria.dir\Debug\Trygonometria.lastbuildstate".
     1>Done Building Project "C:\Users\student\labPWP\build\Trygonometria\Trygonometria.vcxproj" (rebuild target(s)).

Build succeeded.

Time Elapsed 00:00:00.74
